3.10.2024, 17:50:33 - INFO - New connected socket [id: 9RwBYpFle8UO-XyTAAAX] 
3.10.2024, 17:50:33 - INFO - Setting socket for user - ID: 66a50ab07a92d580457882c1 for socket [id: 9RwBYpFle8UO-XyTAAAX] 
3.10.2024, 18:17:44 - INFO - Sample Logger Middleware (userId: 66a50ab07a92d580457882c1)
3.10.2024, 18:17:44 - DEBUG - Getting Items: | {} (userId: 66a50ab07a92d580457882c1)
3.10.2024, 18:17:46 - DEBUG - Getting Lists: | {"admin":"true"} (userId: 66a50ab07a92d580457882c1)
3.10.2024, 18:17:46 - INFO - Sample Logger Middleware (userId: 66a50ab07a92d580457882c1)
3.10.2024, 18:18:00 - INFO - Sample Logger Middleware (userId: 66a50ab07a92d580457882c1)
3.10.2024, 18:18:00 - DEBUG - Getting Items: | {} (userId: 66a50ab07a92d580457882c1)
3.10.2024, 18:18:00 - INFO - Sample Logger Middleware (userId: 66a50ab07a92d580457882c1)
3.10.2024, 18:18:00 - DEBUG - Getting Lists: | {"admin":"true"} (userId: 66a50ab07a92d580457882c1)
3.10.2024, 18:18:06 - INFO - Sample Logger Middleware (userId: 66a50ab07a92d580457882c1)
3.10.2024, 18:18:06 - DEBUG - Getting Items: | {} (userId: 66a50ab07a92d580457882c1)
3.10.2024, 18:18:06 - INFO - Sample Logger Middleware (userId: 66a50ab07a92d580457882c1)
3.10.2024, 18:18:06 - DEBUG - Getting Lists: | {"admin":"true"} (userId: 66a50ab07a92d580457882c1)
3.10.2024, 18:23:44 - INFO - Sample Logger Middleware (userId: 66a50ab07a92d580457882c1)
3.10.2024, 18:23:44 - DEBUG - Getting Items: | {} (userId: 66a50ab07a92d580457882c1)
3.10.2024, 18:23:44 - INFO - Sample Logger Middleware (userId: 66a50ab07a92d580457882c1)
3.10.2024, 18:23:44 - DEBUG - Getting Lists: | {"admin":"true"} (userId: 66a50ab07a92d580457882c1)
3.10.2024, 18:26:03 - INFO - New connected socket [id: gzbDWfkZCgvgg4Q-AAAZ] 
3.10.2024, 18:26:03 - INFO - Setting socket for user - ID: 66a50ab07a92d580457882c1 for socket [id: gzbDWfkZCgvgg4Q-AAAZ] 
3.10.2024, 18:27:09 - INFO - Sample Logger Middleware (userId: 66a50ab07a92d580457882c1)
3.10.2024, 18:27:09 - DEBUG - Getting Items: | {} (userId: 66a50ab07a92d580457882c1)
3.10.2024, 18:27:09 - DEBUG - Getting Lists: | {"admin":"true"} (userId: 66a50ab07a92d580457882c1)
3.10.2024, 18:27:09 - INFO - Sample Logger Middleware (userId: 66a50ab07a92d580457882c1)
3.10.2024, 18:27:29 - DEBUG - Getting Items: | {} (userId: 66a50ab07a92d580457882c1)
3.10.2024, 18:27:29 - INFO - Sample Logger Middleware (userId: 66a50ab07a92d580457882c1)
3.10.2024, 18:27:30 - INFO - Sample Logger Middleware (userId: 66a50ab07a92d580457882c1)
3.10.2024, 18:27:30 - DEBUG - Getting Lists: | {"admin":"true"} (userId: 66a50ab07a92d580457882c1)
3.10.2024, 18:29:05 - INFO - Sample Logger Middleware (userId: 66a50ab07a92d580457882c1)
3.10.2024, 18:29:05 - DEBUG - Getting Items: | {} (userId: 66a50ab07a92d580457882c1)
3.10.2024, 18:29:07 - INFO - Sample Logger Middleware (userId: 66a50ab07a92d580457882c1)
3.10.2024, 18:29:07 - DEBUG - Getting Lists: | {"admin":"true"} (userId: 66a50ab07a92d580457882c1)
3.10.2024, 18:29:45 - INFO - Socket disconnected [id: undefined] 
3.10.2024, 18:29:45 - INFO - Socket disconnected [id: undefined] 
3.10.2024, 18:29:45 - INFO - Socket disconnected [id: undefined] 
3.10.2024, 18:29:46 - INFO - Sample Logger Middleware 
3.10.2024, 18:29:46 - DEBUG - Getting Trans for app items: 
3.10.2024, 18:29:46 - INFO - Sample Logger Middleware (userId: 66a50ab07a92d580457882c1)
3.10.2024, 18:29:46 - DEBUG - Getting Lists: | {} (userId: 66a50ab07a92d580457882c1)
3.10.2024, 18:29:46 - INFO - New connected socket [id: b4mJVmuTMH8hql6DAAAb] 
3.10.2024, 18:29:46 - DEBUG - Getting Items: | {} (userId: 66a50ab07a92d580457882c1)
3.10.2024, 18:29:46 - INFO - Sample Logger Middleware (userId: 66a50ab07a92d580457882c1)
3.10.2024, 18:29:46 - INFO - Setting socket for user - ID: 66a50ab07a92d580457882c1 for socket [id: b4mJVmuTMH8hql6DAAAb] 
3.10.2024, 18:29:47 - INFO - Sample Logger Middleware (userId: 66a50ab07a92d580457882c1)
3.10.2024, 18:29:47 - DEBUG - Getting Lists: | {"admin":"true"} (userId: 66a50ab07a92d580457882c1)
3.10.2024, 18:30:34 - INFO - Socket disconnected [id: undefined] 
3.10.2024, 18:30:34 - INFO - Sample Logger Middleware 
3.10.2024, 18:30:34 - DEBUG - Getting Trans for app items: 
3.10.2024, 18:30:35 - INFO - Sample Logger Middleware (userId: 66a50ab07a92d580457882c1)
3.10.2024, 18:30:35 - DEBUG - Getting Lists: | {} (userId: 66a50ab07a92d580457882c1)
3.10.2024, 18:30:35 - INFO - New connected socket [id: X-63L1ZiK_vE0z7jAAAd] 
3.10.2024, 18:30:35 - INFO - Sample Logger Middleware (userId: 66a50ab07a92d580457882c1)
3.10.2024, 18:30:35 - DEBUG - Getting Items: | {} (userId: 66a50ab07a92d580457882c1)
3.10.2024, 18:30:35 - INFO - Setting socket for user - ID: 66a50ab07a92d580457882c1 for socket [id: X-63L1ZiK_vE0z7jAAAd] 
3.10.2024, 18:30:35 - DEBUG - Getting Lists: | {"admin":"true"} (userId: 66a50ab07a92d580457882c1)
3.10.2024, 18:30:35 - INFO - Sample Logger Middleware (userId: 66a50ab07a92d580457882c1)
3.10.2024, 18:31:20 - INFO - Socket disconnected [id: undefined] 
3.10.2024, 18:31:43 - INFO - New connected socket [id: WgxdiK3-vbOG1Q5qAAAf] 
3.10.2024, 18:54:50 - INFO - Socket disconnected [id: undefined] 
3.10.2024, 18:55:04 - INFO - Sample Logger Middleware 
3.10.2024, 18:55:04 - DEBUG - Getting Trans for app items: 
3.10.2024, 18:55:05 - INFO - Sample Logger Middleware (userId: 66a50ab07a92d580457882c1)
3.10.2024, 18:55:05 - DEBUG - Getting Lists: | {} (userId: 66a50ab07a92d580457882c1)
3.10.2024, 18:55:05 - INFO - New connected socket [id: OXHWrbqXh1FSpX_bAAAh] 
3.10.2024, 18:55:05 - INFO - Sample Logger Middleware (userId: 66a50ab07a92d580457882c1)
3.10.2024, 18:55:05 - DEBUG - Getting Items: | {} (userId: 66a50ab07a92d580457882c1)
3.10.2024, 18:55:05 - INFO - Setting socket for user - ID: 66a50ab07a92d580457882c1 for socket [id: OXHWrbqXh1FSpX_bAAAh] 
3.10.2024, 18:55:05 - INFO - Sample Logger Middleware (userId: 66a50ab07a92d580457882c1)
3.10.2024, 18:55:05 - DEBUG - Getting Lists: | {"admin":"true"} (userId: 66a50ab07a92d580457882c1)
3.10.2024, 18:57:40 - INFO - Sample Logger Middleware (userId: 66a50ab07a92d580457882c1)
3.10.2024, 18:57:40 - DEBUG - Getting Items: | {} (userId: 66a50ab07a92d580457882c1)
3.10.2024, 18:58:14 - INFO - Sample Logger Middleware (userId: 66a50ab07a92d580457882c1)
3.10.2024, 18:58:14 - DEBUG - Getting Items: | {} (userId: 66a50ab07a92d580457882c1)
3.10.2024, 18:58:15 - INFO - Sample Logger Middleware (userId: 66a50ab07a92d580457882c1)
3.10.2024, 18:58:15 - DEBUG - Getting Lists: | {"admin":"true"} (userId: 66a50ab07a92d580457882c1)
3.10.2024, 18:58:41 - DEBUG - Getting Items: | {} (userId: 66a50ab07a92d580457882c1)
3.10.2024, 18:58:41 - INFO - Sample Logger Middleware (userId: 66a50ab07a92d580457882c1)
3.10.2024, 18:58:56 - INFO - Sample Logger Middleware (userId: 66a50ab07a92d580457882c1)
3.10.2024, 18:58:56 - DEBUG - Getting Items: | {} (userId: 66a50ab07a92d580457882c1)
3.10.2024, 19:13:59 - DEBUG - Getting Items: | {} (userId: 66a50ab07a92d580457882c1)
3.10.2024, 19:13:59 - INFO - Sample Logger Middleware (userId: 66a50ab07a92d580457882c1)
3.10.2024, 19:14:12 - INFO - Sample Logger Middleware (userId: 66a50ab07a92d580457882c1)
3.10.2024, 19:14:12 - DEBUG - Getting Items: | {} (userId: 66a50ab07a92d580457882c1)
3.10.2024, 19:14:23 - INFO - Sample Logger Middleware (userId: 66a50ab07a92d580457882c1)
3.10.2024, 19:14:23 - DEBUG - Getting Items: | {} (userId: 66a50ab07a92d580457882c1)
3.10.2024, 19:14:52 - INFO - Sample Logger Middleware (userId: 66a50ab07a92d580457882c1)
3.10.2024, 19:14:52 - DEBUG - Getting Items: | {} (userId: 66a50ab07a92d580457882c1)
3.10.2024, 19:15:33 - INFO - Sample Logger Middleware (userId: 66a50ab07a92d580457882c1)
3.10.2024, 19:15:33 - DEBUG - Getting Items: | {} (userId: 66a50ab07a92d580457882c1)
3.10.2024, 19:15:36 - INFO - Sample Logger Middleware (userId: 66a50ab07a92d580457882c1)
3.10.2024, 19:15:36 - DEBUG - Getting Items: | {} (userId: 66a50ab07a92d580457882c1)
3.10.2024, 19:16:39 - INFO - Sample Logger Middleware (userId: 66a50ab07a92d580457882c1)
3.10.2024, 19:16:39 - DEBUG - Getting Items: | {} (userId: 66a50ab07a92d580457882c1)
3.10.2024, 19:19:53 - INFO - Sample Logger Middleware (userId: 66a50ab07a92d580457882c1)
3.10.2024, 19:19:53 - DEBUG - Getting Items: | {} (userId: 66a50ab07a92d580457882c1)
5.10.2024, 14:11:08 - INFO - Server is running on port: 3030 
5.10.2024, 14:11:15 - INFO - Sample Logger Middleware 
5.10.2024, 14:11:15 - DEBUG - Getting Trans for app items: 
5.10.2024, 14:11:23 - DEBUG - auth.service - login with 2: {"email":"tal.amit0311@gmail.com","password":"","googleID":"116549974717956267584","loginType":2} (userId: 66a50ab07a92d580457882c1)
5.10.2024, 14:13:07 - INFO - Sample Logger Middleware 
5.10.2024, 14:13:07 - DEBUG - Getting Trans for app items: 
5.10.2024, 14:13:07 - INFO - Sample Logger Middleware (userId: 66a50ab07a92d580457882c1)
5.10.2024, 14:13:07 - DEBUG - Getting Lists: | {} (userId: 66a50ab07a92d580457882c1)
5.10.2024, 14:13:08 - INFO - New connected socket [id: 5W7kkRktVGpgck0vAAAB] 
5.10.2024, 14:13:08 - INFO - Setting socket for user - ID: 66a50ab07a92d580457882c1 for socket [id: 5W7kkRktVGpgck0vAAAB] 
5.10.2024, 14:13:22 - INFO - Socket disconnected [id: undefined] 
5.10.2024, 14:13:23 - INFO - Sample Logger Middleware 
5.10.2024, 14:13:23 - DEBUG - Getting Trans for app items: 
5.10.2024, 14:13:23 - INFO - Sample Logger Middleware (userId: 66a50ab07a92d580457882c1)
5.10.2024, 14:13:23 - DEBUG - Getting Lists: | {} (userId: 66a50ab07a92d580457882c1)
5.10.2024, 14:13:23 - INFO - New connected socket [id: _JtUaYHpyrOv2Fi0AAAD] 
5.10.2024, 14:13:23 - INFO - Setting socket for user - ID: 66a50ab07a92d580457882c1 for socket [id: _JtUaYHpyrOv2Fi0AAAD] 
5.10.2024, 14:13:52 - INFO - Socket disconnected [id: undefined] 
5.10.2024, 14:13:53 - INFO - Sample Logger Middleware 
5.10.2024, 14:13:53 - DEBUG - Getting Trans for app items: 
5.10.2024, 14:13:53 - DEBUG - Getting Lists: | {} (userId: 66a50ab07a92d580457882c1)
5.10.2024, 14:13:53 - INFO - Sample Logger Middleware (userId: 66a50ab07a92d580457882c1)
5.10.2024, 14:13:53 - INFO - New connected socket [id: zIq6oTJ9xIKWjRN3AAAF] 
5.10.2024, 14:13:53 - INFO - Setting socket for user - ID: 66a50ab07a92d580457882c1 for socket [id: zIq6oTJ9xIKWjRN3AAAF] 
5.10.2024, 14:14:05 - INFO - Socket disconnected [id: undefined] 
5.10.2024, 14:14:06 - INFO - Sample Logger Middleware 
5.10.2024, 14:14:06 - DEBUG - Getting Trans for app items: 
5.10.2024, 14:14:06 - INFO - Sample Logger Middleware (userId: 66a50ab07a92d580457882c1)
5.10.2024, 14:14:06 - DEBUG - Getting Lists: | {} (userId: 66a50ab07a92d580457882c1)
5.10.2024, 14:14:06 - INFO - New connected socket [id: 1uqAsvnSsQ9l5nucAAAH] 
5.10.2024, 14:14:06 - INFO - Setting socket for user - ID: 66a50ab07a92d580457882c1 for socket [id: 1uqAsvnSsQ9l5nucAAAH] 
5.10.2024, 14:14:20 - INFO - Socket disconnected [id: undefined] 
5.10.2024, 14:14:21 - INFO - Sample Logger Middleware 
5.10.2024, 14:14:21 - DEBUG - Getting Trans for app items: 
5.10.2024, 14:14:21 - INFO - Sample Logger Middleware (userId: 66a50ab07a92d580457882c1)
5.10.2024, 14:14:21 - DEBUG - Getting Lists: | {} (userId: 66a50ab07a92d580457882c1)
5.10.2024, 14:14:21 - INFO - New connected socket [id: hLQBXB0q9N1DOlgGAAAJ] 
5.10.2024, 14:14:21 - INFO - Setting socket for user - ID: 66a50ab07a92d580457882c1 for socket [id: hLQBXB0q9N1DOlgGAAAJ] 
5.10.2024, 14:15:20 - INFO - Sample Logger Middleware (userId: 66a50ab07a92d580457882c1)
5.10.2024, 14:15:20 - DEBUG - Getting Items: | {} (userId: 66a50ab07a92d580457882c1)
5.10.2024, 14:15:21 - INFO - Sample Logger Middleware (userId: 66a50ab07a92d580457882c1)
5.10.2024, 14:15:21 - DEBUG - Getting Lists: | {"admin":"true"} (userId: 66a50ab07a92d580457882c1)
5.10.2024, 14:15:29 - DEBUG - Getting Items: | {} (userId: 66a50ab07a92d580457882c1)
5.10.2024, 14:15:29 - INFO - Sample Logger Middleware (userId: 66a50ab07a92d580457882c1)
5.10.2024, 14:16:30 - INFO - Socket disconnected [id: undefined] 
5.10.2024, 14:16:30 - INFO - Sample Logger Middleware 
5.10.2024, 14:16:30 - DEBUG - Getting Trans for app items: 
5.10.2024, 14:16:30 - INFO - Sample Logger Middleware (userId: 66a50ab07a92d580457882c1)
5.10.2024, 14:16:30 - DEBUG - Getting Lists: | {} (userId: 66a50ab07a92d580457882c1)
5.10.2024, 14:16:30 - INFO - New connected socket [id: 05aGZqYz0tjnHqdNAAAL] 
5.10.2024, 14:16:30 - INFO - Sample Logger Middleware (userId: 66a50ab07a92d580457882c1)
5.10.2024, 14:16:30 - DEBUG - Getting Items: | {} (userId: 66a50ab07a92d580457882c1)
5.10.2024, 14:16:31 - INFO - Setting socket for user - ID: 66a50ab07a92d580457882c1 for socket [id: 05aGZqYz0tjnHqdNAAAL] 
5.10.2024, 14:16:31 - DEBUG - Getting Lists: | {"admin":"true"} (userId: 66a50ab07a92d580457882c1)
5.10.2024, 14:16:31 - INFO - Sample Logger Middleware (userId: 66a50ab07a92d580457882c1)
5.10.2024, 14:18:23 - INFO - Sample Logger Middleware (userId: 66a50ab07a92d580457882c1)
5.10.2024, 14:18:23 - DEBUG - Getting Items: | {} (userId: 66a50ab07a92d580457882c1)
5.10.2024, 14:22:23 - INFO - Sample Logger Middleware (userId: 66a50ab07a92d580457882c1)
5.10.2024, 14:22:23 - DEBUG - Getting Items: | {} (userId: 66a50ab07a92d580457882c1)
5.10.2024, 14:28:11 - INFO - Socket disconnected [id: undefined] 
5.10.2024, 14:28:11 - INFO - Sample Logger Middleware 
5.10.2024, 14:28:11 - DEBUG - Getting Trans for app items: 
5.10.2024, 14:28:11 - INFO - Sample Logger Middleware (userId: 66a50ab07a92d580457882c1)
5.10.2024, 14:28:11 - DEBUG - Getting Lists: | {} (userId: 66a50ab07a92d580457882c1)
5.10.2024, 14:28:11 - INFO - New connected socket [id: 1HT9hMQuAhXPqa1eAAAN] 
5.10.2024, 14:28:11 - DEBUG - Getting Items: | {} (userId: 66a50ab07a92d580457882c1)
5.10.2024, 14:28:11 - INFO - Sample Logger Middleware (userId: 66a50ab07a92d580457882c1)
5.10.2024, 14:28:12 - INFO - Setting socket for user - ID: 66a50ab07a92d580457882c1 for socket [id: 1HT9hMQuAhXPqa1eAAAN] 
5.10.2024, 14:28:12 - INFO - Sample Logger Middleware (userId: 66a50ab07a92d580457882c1)
5.10.2024, 14:28:12 - DEBUG - Getting Lists: | {"admin":"true"} (userId: 66a50ab07a92d580457882c1)
5.10.2024, 14:28:15 - DEBUG - Getting Items: | {} (userId: 66a50ab07a92d580457882c1)
5.10.2024, 14:28:15 - INFO - Sample Logger Middleware (userId: 66a50ab07a92d580457882c1)
5.10.2024, 14:33:55 - INFO - Sample Logger Middleware (userId: 66a50ab07a92d580457882c1)
5.10.2024, 14:33:55 - DEBUG - Getting Items: | {} (userId: 66a50ab07a92d580457882c1)
5.10.2024, 14:34:53 - INFO - Sample Logger Middleware (userId: 66a50ab07a92d580457882c1)
5.10.2024, 14:34:53 - DEBUG - Getting Items: | {} (userId: 66a50ab07a92d580457882c1)
5.10.2024, 14:35:49 - INFO - Socket disconnected [id: undefined] 
5.10.2024, 14:35:49 - INFO - Sample Logger Middleware 
5.10.2024, 14:35:49 - DEBUG - Getting Trans for app items: 
5.10.2024, 14:35:50 - DEBUG - Getting Lists: | {} (userId: 66a50ab07a92d580457882c1)
5.10.2024, 14:35:50 - INFO - Sample Logger Middleware (userId: 66a50ab07a92d580457882c1)
5.10.2024, 14:35:50 - INFO - New connected socket [id: GZJLtZ5D0KBh7knBAAAP] 
5.10.2024, 14:35:50 - INFO - Sample Logger Middleware (userId: 66a50ab07a92d580457882c1)
5.10.2024, 14:35:50 - DEBUG - Getting Items: | {} (userId: 66a50ab07a92d580457882c1)
5.10.2024, 14:35:50 - INFO - Setting socket for user - ID: 66a50ab07a92d580457882c1 for socket [id: GZJLtZ5D0KBh7knBAAAP] 
5.10.2024, 14:35:50 - INFO - Sample Logger Middleware (userId: 66a50ab07a92d580457882c1)
5.10.2024, 14:35:50 - DEBUG - Getting Lists: | {"admin":"true"} (userId: 66a50ab07a92d580457882c1)
5.10.2024, 14:36:18 - INFO - Sample Logger Middleware (userId: 66a50ab07a92d580457882c1)
5.10.2024, 14:36:18 - DEBUG - Getting Items: | {} (userId: 66a50ab07a92d580457882c1)
5.10.2024, 14:36:23 - INFO - Socket disconnected [id: undefined] 
5.10.2024, 14:36:23 - INFO - Sample Logger Middleware 
5.10.2024, 14:36:23 - DEBUG - Getting Trans for app items: 
5.10.2024, 14:36:23 - INFO - Sample Logger Middleware (userId: 66a50ab07a92d580457882c1)
5.10.2024, 14:36:23 - DEBUG - Getting Lists: | {} (userId: 66a50ab07a92d580457882c1)
5.10.2024, 14:36:23 - INFO - New connected socket [id: Kst0qRYHqYITeUEMAAAR] 
5.10.2024, 14:36:23 - INFO - Sample Logger Middleware (userId: 66a50ab07a92d580457882c1)
5.10.2024, 14:36:23 - DEBUG - Getting Items: | {} (userId: 66a50ab07a92d580457882c1)
5.10.2024, 14:36:24 - INFO - Setting socket for user - ID: 66a50ab07a92d580457882c1 for socket [id: Kst0qRYHqYITeUEMAAAR] 
5.10.2024, 14:36:24 - INFO - Sample Logger Middleware (userId: 66a50ab07a92d580457882c1)
5.10.2024, 14:36:24 - DEBUG - Getting Lists: | {"admin":"true"} (userId: 66a50ab07a92d580457882c1)
5.10.2024, 14:36:30 - INFO - Socket disconnected [id: undefined] 
5.10.2024, 14:36:30 - INFO - New connected socket [id: dk3SBHimdj6TmBPBAAAT] 
5.10.2024, 14:36:30 - INFO - Sample Logger Middleware (userId: 66a50ab07a92d580457882c1)
5.10.2024, 14:36:30 - DEBUG - Getting Items: | {} (userId: 66a50ab07a92d580457882c1)
5.10.2024, 14:36:31 - INFO - Setting socket for user - ID: 66a50ab07a92d580457882c1 for socket [id: dk3SBHimdj6TmBPBAAAT] 
5.10.2024, 14:36:31 - INFO - Socket disconnected [id: undefined] 
5.10.2024, 14:36:31 - INFO - New connected socket [id: jW2Rqirpk_qv-XDlAAAV] 
5.10.2024, 14:36:31 - INFO - Sample Logger Middleware (userId: 66a50ab07a92d580457882c1)
5.10.2024, 14:36:31 - DEBUG - Getting Items: | {} (userId: 66a50ab07a92d580457882c1)
5.10.2024, 14:36:31 - INFO - Sample Logger Middleware (userId: 66a50ab07a92d580457882c1)
5.10.2024, 14:36:31 - DEBUG - Getting Lists: | {"admin":"true"} (userId: 66a50ab07a92d580457882c1)
5.10.2024, 14:36:32 - INFO - Setting socket for user - ID: 66a50ab07a92d580457882c1 for socket [id: jW2Rqirpk_qv-XDlAAAV] 
5.10.2024, 14:39:04 - INFO - Sample Logger Middleware (userId: 66a50ab07a92d580457882c1)
5.10.2024, 14:39:04 - DEBUG - Getting Items: | {} (userId: 66a50ab07a92d580457882c1)
5.10.2024, 14:41:22 - INFO - Sample Logger Middleware (userId: 66a50ab07a92d580457882c1)
5.10.2024, 14:41:22 - DEBUG - Getting Items: | {} (userId: 66a50ab07a92d580457882c1)
5.10.2024, 14:44:10 - INFO - Sample Logger Middleware (userId: 66a50ab07a92d580457882c1)
5.10.2024, 14:44:10 - DEBUG - Getting Items: | {} (userId: 66a50ab07a92d580457882c1)
5.10.2024, 14:44:32 - DEBUG - Getting Items: | {} (userId: 66a50ab07a92d580457882c1)
5.10.2024, 14:44:32 - INFO - Sample Logger Middleware (userId: 66a50ab07a92d580457882c1)
5.10.2024, 14:44:35 - INFO - Sample Logger Middleware (userId: 66a50ab07a92d580457882c1)
5.10.2024, 14:44:35 - DEBUG - Getting Items: | {} (userId: 66a50ab07a92d580457882c1)
5.10.2024, 14:44:36 - DEBUG - Getting Items: | {} (userId: 66a50ab07a92d580457882c1)
5.10.2024, 14:44:36 - INFO - Sample Logger Middleware (userId: 66a50ab07a92d580457882c1)
5.10.2024, 14:45:13 - INFO - Sample Logger Middleware (userId: 66a50ab07a92d580457882c1)
5.10.2024, 14:45:13 - DEBUG - Getting Items: | {} (userId: 66a50ab07a92d580457882c1)
5.10.2024, 14:45:13 - DEBUG - Getting Items: | {} (userId: 66a50ab07a92d580457882c1)
5.10.2024, 14:45:13 - INFO - Sample Logger Middleware (userId: 66a50ab07a92d580457882c1)
5.10.2024, 14:45:17 - INFO - Sample Logger Middleware (userId: 66a50ab07a92d580457882c1)
5.10.2024, 14:45:17 - DEBUG - Getting Items: | {} (userId: 66a50ab07a92d580457882c1)
5.10.2024, 14:45:17 - INFO - Sample Logger Middleware (userId: 66a50ab07a92d580457882c1)
5.10.2024, 14:45:17 - DEBUG - Getting Items: | {} (userId: 66a50ab07a92d580457882c1)
5.10.2024, 14:45:21 - INFO - Sample Logger Middleware (userId: 66a50ab07a92d580457882c1)
5.10.2024, 14:45:21 - DEBUG - Getting Items: | {} (userId: 66a50ab07a92d580457882c1)
5.10.2024, 14:45:21 - INFO - Sample Logger Middleware (userId: 66a50ab07a92d580457882c1)
5.10.2024, 14:45:21 - DEBUG - Getting Items: | {} (userId: 66a50ab07a92d580457882c1)
5.10.2024, 14:45:32 - INFO - Sample Logger Middleware (userId: 66a50ab07a92d580457882c1)
5.10.2024, 14:45:32 - DEBUG - Getting Items: | {} (userId: 66a50ab07a92d580457882c1)
5.10.2024, 14:45:32 - INFO - Sample Logger Middleware (userId: 66a50ab07a92d580457882c1)
5.10.2024, 14:45:32 - DEBUG - Getting Items: | {} (userId: 66a50ab07a92d580457882c1)
5.10.2024, 14:46:03 - INFO - Sample Logger Middleware (userId: 66a50ab07a92d580457882c1)
5.10.2024, 14:46:03 - DEBUG - Getting Items: | {} (userId: 66a50ab07a92d580457882c1)
5.10.2024, 14:46:04 - DEBUG - Getting Items: | {} (userId: 66a50ab07a92d580457882c1)
5.10.2024, 14:46:04 - INFO - Sample Logger Middleware (userId: 66a50ab07a92d580457882c1)
5.10.2024, 14:47:47 - INFO - Sample Logger Middleware (userId: 66a50ab07a92d580457882c1)
5.10.2024, 14:47:47 - DEBUG - Getting Items: | {} (userId: 66a50ab07a92d580457882c1)
5.10.2024, 14:47:48 - INFO - Sample Logger Middleware (userId: 66a50ab07a92d580457882c1)
5.10.2024, 14:47:48 - DEBUG - Getting Items: | {} (userId: 66a50ab07a92d580457882c1)
5.10.2024, 14:48:44 - DEBUG - Getting Items: | {} (userId: 66a50ab07a92d580457882c1)
5.10.2024, 14:48:44 - INFO - Sample Logger Middleware (userId: 66a50ab07a92d580457882c1)
5.10.2024, 14:51:36 - INFO - Socket disconnected [id: undefined] 
5.10.2024, 14:52:23 - INFO - Sample Logger Middleware 
5.10.2024, 14:52:23 - DEBUG - Getting Trans for app items: 
5.10.2024, 14:52:24 - DEBUG - Getting Lists: | {} (userId: 66a50ab07a92d580457882c1)
5.10.2024, 14:52:24 - INFO - Sample Logger Middleware (userId: 66a50ab07a92d580457882c1)
5.10.2024, 14:52:24 - INFO - New connected socket [id: PZGcCrz3gp_BzTa_AAAX] 
5.10.2024, 14:52:24 - INFO - Sample Logger Middleware (userId: 66a50ab07a92d580457882c1)
5.10.2024, 14:52:24 - DEBUG - Getting Items: | {} (userId: 66a50ab07a92d580457882c1)
5.10.2024, 14:52:24 - INFO - Setting socket for user - ID: 66a50ab07a92d580457882c1 for socket [id: PZGcCrz3gp_BzTa_AAAX] 
5.10.2024, 14:52:24 - INFO - Sample Logger Middleware (userId: 66a50ab07a92d580457882c1)
5.10.2024, 14:52:24 - DEBUG - Getting Lists: | {"admin":"true"} (userId: 66a50ab07a92d580457882c1)
5.10.2024, 14:52:42 - INFO - Sample Logger Middleware (userId: 66a50ab07a92d580457882c1)
5.10.2024, 14:52:42 - DEBUG - Getting Items: | {} (userId: 66a50ab07a92d580457882c1)
5.10.2024, 14:52:57 - INFO - Sample Logger Middleware (userId: 66a50ab07a92d580457882c1)
5.10.2024, 14:52:57 - DEBUG - Getting Items: | {} (userId: 66a50ab07a92d580457882c1)
5.10.2024, 14:53:37 - INFO - Sample Logger Middleware (userId: 66a50ab07a92d580457882c1)
5.10.2024, 14:53:37 - DEBUG - Getting Items: | {} (userId: 66a50ab07a92d580457882c1)
5.10.2024, 14:53:45 - INFO - Sample Logger Middleware (userId: 66a50ab07a92d580457882c1)
5.10.2024, 14:53:45 - DEBUG - Getting Items: | {} (userId: 66a50ab07a92d580457882c1)
5.10.2024, 14:54:07 - INFO - Sample Logger Middleware (userId: 66a50ab07a92d580457882c1)
5.10.2024, 14:54:07 - DEBUG - Getting Items: | {} (userId: 66a50ab07a92d580457882c1)
5.10.2024, 14:54:28 - DEBUG - Getting Items: | {} (userId: 66a50ab07a92d580457882c1)
5.10.2024, 14:54:28 - INFO - Sample Logger Middleware (userId: 66a50ab07a92d580457882c1)
5.10.2024, 14:54:41 - INFO - Socket disconnected [id: undefined] 
5.10.2024, 14:54:41 - INFO - Sample Logger Middleware 
5.10.2024, 14:54:41 - DEBUG - Getting Trans for app items: 
5.10.2024, 14:54:42 - INFO - Sample Logger Middleware (userId: 66a50ab07a92d580457882c1)
5.10.2024, 14:54:42 - DEBUG - Getting Lists: | {} (userId: 66a50ab07a92d580457882c1)
5.10.2024, 14:54:42 - INFO - New connected socket [id: Pz2Tg5fJ0PIT5c16AAAZ] 
5.10.2024, 14:54:42 - INFO - Sample Logger Middleware (userId: 66a50ab07a92d580457882c1)
5.10.2024, 14:54:42 - DEBUG - Getting Items: | {} (userId: 66a50ab07a92d580457882c1)
5.10.2024, 14:54:42 - INFO - Setting socket for user - ID: 66a50ab07a92d580457882c1 for socket [id: Pz2Tg5fJ0PIT5c16AAAZ] 
5.10.2024, 14:54:42 - INFO - Sample Logger Middleware (userId: 66a50ab07a92d580457882c1)
5.10.2024, 14:54:42 - DEBUG - Getting Lists: | {"admin":"true"} (userId: 66a50ab07a92d580457882c1)
5.10.2024, 14:54:45 - DEBUG - Getting Items: | {} (userId: 66a50ab07a92d580457882c1)
5.10.2024, 14:54:45 - INFO - Sample Logger Middleware (userId: 66a50ab07a92d580457882c1)
5.10.2024, 14:55:08 - INFO - Sample Logger Middleware (userId: 66a50ab07a92d580457882c1)
5.10.2024, 14:55:08 - DEBUG - Getting Items: | {} (userId: 66a50ab07a92d580457882c1)
5.10.2024, 14:55:12 - INFO - Socket disconnected [id: undefined] 
5.10.2024, 14:55:12 - INFO - Sample Logger Middleware 
5.10.2024, 14:55:12 - DEBUG - Getting Trans for app items: 
5.10.2024, 14:55:12 - INFO - Sample Logger Middleware (userId: 66a50ab07a92d580457882c1)
5.10.2024, 14:55:12 - DEBUG - Getting Lists: | {} (userId: 66a50ab07a92d580457882c1)
5.10.2024, 14:55:12 - INFO - New connected socket [id: Kd1qCdCrEKFPEDE9AAAb] 
5.10.2024, 14:55:12 - INFO - Sample Logger Middleware (userId: 66a50ab07a92d580457882c1)
5.10.2024, 14:55:12 - DEBUG - Getting Items: | {} (userId: 66a50ab07a92d580457882c1)
5.10.2024, 14:55:13 - INFO - Setting socket for user - ID: 66a50ab07a92d580457882c1 for socket [id: Kd1qCdCrEKFPEDE9AAAb] 
5.10.2024, 14:55:13 - INFO - Sample Logger Middleware (userId: 66a50ab07a92d580457882c1)
5.10.2024, 14:55:13 - DEBUG - Getting Lists: | {"admin":"true"} (userId: 66a50ab07a92d580457882c1)
5.10.2024, 14:55:15 - INFO - Sample Logger Middleware (userId: 66a50ab07a92d580457882c1)
5.10.2024, 14:55:15 - DEBUG - Getting Items: | {} (userId: 66a50ab07a92d580457882c1)
5.10.2024, 14:56:06 - INFO - Socket disconnected [id: undefined] 
5.10.2024, 14:56:06 - INFO - Sample Logger Middleware 
5.10.2024, 14:56:06 - DEBUG - Getting Trans for app items: 
5.10.2024, 14:56:07 - DEBUG - Getting Lists: | {} (userId: 66a50ab07a92d580457882c1)
5.10.2024, 14:56:07 - INFO - Sample Logger Middleware (userId: 66a50ab07a92d580457882c1)
5.10.2024, 14:56:07 - INFO - New connected socket [id: e_8bfVN5KOvqSKzFAAAd] 
5.10.2024, 14:56:07 - INFO - Sample Logger Middleware (userId: 66a50ab07a92d580457882c1)
5.10.2024, 14:56:07 - DEBUG - Getting Items: | {} (userId: 66a50ab07a92d580457882c1)
5.10.2024, 14:56:07 - INFO - Setting socket for user - ID: 66a50ab07a92d580457882c1 for socket [id: e_8bfVN5KOvqSKzFAAAd] 
5.10.2024, 14:56:07 - INFO - Sample Logger Middleware (userId: 66a50ab07a92d580457882c1)
5.10.2024, 14:56:07 - DEBUG - Getting Lists: | {"admin":"true"} (userId: 66a50ab07a92d580457882c1)
5.10.2024, 14:56:11 - DEBUG - Getting Items: | {} (userId: 66a50ab07a92d580457882c1)
5.10.2024, 14:56:11 - INFO - Sample Logger Middleware (userId: 66a50ab07a92d580457882c1)
5.10.2024, 14:57:16 - INFO - Sample Logger Middleware (userId: 66a50ab07a92d580457882c1)
5.10.2024, 14:57:16 - DEBUG - Getting Items: | {} (userId: 66a50ab07a92d580457882c1)
5.10.2024, 14:57:29 - INFO - Sample Logger Middleware (userId: 66a50ab07a92d580457882c1)
5.10.2024, 14:57:29 - DEBUG - Getting Items: | {} (userId: 66a50ab07a92d580457882c1)
5.10.2024, 14:57:48 - INFO - Sample Logger Middleware (userId: 66a50ab07a92d580457882c1)
5.10.2024, 14:57:48 - DEBUG - Getting Items: | {} (userId: 66a50ab07a92d580457882c1)
5.10.2024, 15:01:51 - INFO - Sample Logger Middleware (userId: 66a50ab07a92d580457882c1)
5.10.2024, 15:01:51 - DEBUG - Getting Items: | {} (userId: 66a50ab07a92d580457882c1)
5.10.2024, 15:05:37 - DEBUG - Getting Items: | {} (userId: 66a50ab07a92d580457882c1)
5.10.2024, 15:05:37 - INFO - Sample Logger Middleware (userId: 66a50ab07a92d580457882c1)
5.10.2024, 15:07:11 - INFO - Sample Logger Middleware (userId: 66a50ab07a92d580457882c1)
5.10.2024, 15:07:11 - DEBUG - Getting Items: | {} (userId: 66a50ab07a92d580457882c1)
5.10.2024, 15:07:32 - INFO - Sample Logger Middleware (userId: 66a50ab07a92d580457882c1)
5.10.2024, 15:07:32 - DEBUG - Getting Items: | {} (userId: 66a50ab07a92d580457882c1)
5.10.2024, 15:07:47 - INFO - Sample Logger Middleware (userId: 66a50ab07a92d580457882c1)
5.10.2024, 15:07:47 - DEBUG - Getting Items: | {} (userId: 66a50ab07a92d580457882c1)
5.10.2024, 15:07:59 - INFO - Sample Logger Middleware (userId: 66a50ab07a92d580457882c1)
5.10.2024, 15:07:59 - DEBUG - Getting Items: | {} (userId: 66a50ab07a92d580457882c1)
5.10.2024, 15:09:06 - INFO - Sample Logger Middleware (userId: 66a50ab07a92d580457882c1)
5.10.2024, 15:09:06 - DEBUG - Getting Items: | {} (userId: 66a50ab07a92d580457882c1)
5.10.2024, 15:12:08 - INFO - Sample Logger Middleware (userId: 66a50ab07a92d580457882c1)
5.10.2024, 15:12:08 - DEBUG - Getting Items: | {} (userId: 66a50ab07a92d580457882c1)
5.10.2024, 15:15:15 - INFO - Sample Logger Middleware (userId: 66a50ab07a92d580457882c1)
5.10.2024, 15:15:15 - DEBUG - Getting Items: | {} (userId: 66a50ab07a92d580457882c1)
5.10.2024, 15:21:25 - INFO - Sample Logger Middleware (userId: 66a50ab07a92d580457882c1)
5.10.2024, 15:21:25 - DEBUG - Getting Items: | {} (userId: 66a50ab07a92d580457882c1)
5.10.2024, 15:22:37 - DEBUG - Getting Items: | {} (userId: 66a50ab07a92d580457882c1)
5.10.2024, 15:22:37 - INFO - Sample Logger Middleware (userId: 66a50ab07a92d580457882c1)
5.10.2024, 15:23:22 - INFO - Sample Logger Middleware (userId: 66a50ab07a92d580457882c1)
5.10.2024, 15:23:22 - DEBUG - Getting Items: | {} (userId: 66a50ab07a92d580457882c1)
5.10.2024, 15:24:11 - INFO - Sample Logger Middleware (userId: 66a50ab07a92d580457882c1)
5.10.2024, 15:24:11 - DEBUG - Getting Items: | {} (userId: 66a50ab07a92d580457882c1)
5.10.2024, 15:24:37 - INFO - Sample Logger Middleware (userId: 66a50ab07a92d580457882c1)
5.10.2024, 15:24:37 - DEBUG - Getting Items: | {} (userId: 66a50ab07a92d580457882c1)
5.10.2024, 15:25:55 - DEBUG - Getting Items: | {} (userId: 66a50ab07a92d580457882c1)
5.10.2024, 15:25:55 - INFO - Sample Logger Middleware (userId: 66a50ab07a92d580457882c1)
5.10.2024, 15:26:18 - INFO - Sample Logger Middleware (userId: 66a50ab07a92d580457882c1)
5.10.2024, 15:26:18 - DEBUG - Getting Items: | {} (userId: 66a50ab07a92d580457882c1)
5.10.2024, 15:26:30 - INFO - Sample Logger Middleware (userId: 66a50ab07a92d580457882c1)
5.10.2024, 15:26:30 - DEBUG - Getting Items: | {} (userId: 66a50ab07a92d580457882c1)
5.10.2024, 15:27:28 - INFO - Sample Logger Middleware (userId: 66a50ab07a92d580457882c1)
5.10.2024, 15:27:28 - DEBUG - Getting Items: | {} (userId: 66a50ab07a92d580457882c1)
5.10.2024, 15:27:45 - INFO - Sample Logger Middleware (userId: 66a50ab07a92d580457882c1)
5.10.2024, 15:27:45 - DEBUG - Getting Items: | {} (userId: 66a50ab07a92d580457882c1)
5.10.2024, 15:27:55 - INFO - Sample Logger Middleware (userId: 66a50ab07a92d580457882c1)
5.10.2024, 15:27:55 - DEBUG - Getting Items: | {} (userId: 66a50ab07a92d580457882c1)
5.10.2024, 15:28:00 - INFO - Sample Logger Middleware (userId: 66a50ab07a92d580457882c1)
5.10.2024, 15:28:00 - DEBUG - Getting Items: | {} (userId: 66a50ab07a92d580457882c1)
5.10.2024, 15:30:09 - INFO - Socket disconnected [id: undefined] 
5.10.2024, 15:30:09 - INFO - Sample Logger Middleware 
5.10.2024, 15:30:09 - DEBUG - Getting Trans for app items: 
5.10.2024, 15:30:09 - INFO - Sample Logger Middleware (userId: 66a50ab07a92d580457882c1)
5.10.2024, 15:30:09 - DEBUG - Getting Lists: | {} (userId: 66a50ab07a92d580457882c1)
5.10.2024, 15:30:09 - INFO - New connected socket [id: KdpwUaFTmPzLIZNiAAAf] 
5.10.2024, 15:30:09 - INFO - Sample Logger Middleware (userId: 66a50ab07a92d580457882c1)
5.10.2024, 15:30:09 - DEBUG - Getting Items: | {} (userId: 66a50ab07a92d580457882c1)
5.10.2024, 15:30:10 - INFO - Setting socket for user - ID: 66a50ab07a92d580457882c1 for socket [id: KdpwUaFTmPzLIZNiAAAf] 
5.10.2024, 15:30:10 - INFO - Sample Logger Middleware (userId: 66a50ab07a92d580457882c1)
5.10.2024, 15:30:10 - DEBUG - Getting Lists: | {"admin":"true"} (userId: 66a50ab07a92d580457882c1)
5.10.2024, 15:30:12 - INFO - Sample Logger Middleware (userId: 66a50ab07a92d580457882c1)
5.10.2024, 15:30:12 - DEBUG - Getting Items: | {} (userId: 66a50ab07a92d580457882c1)
5.10.2024, 15:32:56 - INFO - Socket disconnected [id: undefined] 
5.10.2024, 15:32:56 - INFO - Sample Logger Middleware 
5.10.2024, 15:32:56 - DEBUG - Getting Trans for app items: 
5.10.2024, 15:32:56 - INFO - Sample Logger Middleware (userId: 66a50ab07a92d580457882c1)
5.10.2024, 15:32:56 - DEBUG - Getting Lists: | {} (userId: 66a50ab07a92d580457882c1)
5.10.2024, 15:32:56 - INFO - New connected socket [id: 0F6QgGuids0K9S4xAAAh] 
5.10.2024, 15:32:56 - INFO - Sample Logger Middleware (userId: 66a50ab07a92d580457882c1)
5.10.2024, 15:32:56 - DEBUG - Getting Items: | {} (userId: 66a50ab07a92d580457882c1)
5.10.2024, 15:32:57 - INFO - Sample Logger Middleware (userId: 66a50ab07a92d580457882c1)
5.10.2024, 15:32:57 - DEBUG - Getting Lists: | {"admin":"true"} (userId: 66a50ab07a92d580457882c1)
5.10.2024, 15:32:57 - INFO - Setting socket for user - ID: 66a50ab07a92d580457882c1 for socket [id: 0F6QgGuids0K9S4xAAAh] 
5.10.2024, 15:33:48 - INFO - Sample Logger Middleware (userId: 66a50ab07a92d580457882c1)
5.10.2024, 15:33:48 - DEBUG - Getting Items: | {} (userId: 66a50ab07a92d580457882c1)
5.10.2024, 15:40:00 - INFO - Socket disconnected [id: undefined] 
5.10.2024, 15:40:01 - INFO - Sample Logger Middleware 
5.10.2024, 15:40:01 - DEBUG - Getting Trans for app items: 
5.10.2024, 15:40:01 - INFO - Sample Logger Middleware (userId: 66a50ab07a92d580457882c1)
5.10.2024, 15:40:01 - DEBUG - Getting Lists: | {} (userId: 66a50ab07a92d580457882c1)
5.10.2024, 15:40:01 - INFO - New connected socket [id: 0F8RlsSKc-rczSnmAAAj] 
5.10.2024, 15:40:01 - INFO - Sample Logger Middleware (userId: 66a50ab07a92d580457882c1)
5.10.2024, 15:40:01 - DEBUG - Getting Items: | {} (userId: 66a50ab07a92d580457882c1)
5.10.2024, 15:40:01 - INFO - Setting socket for user - ID: 66a50ab07a92d580457882c1 for socket [id: 0F8RlsSKc-rczSnmAAAj] 
5.10.2024, 15:40:02 - INFO - Sample Logger Middleware (userId: 66a50ab07a92d580457882c1)
5.10.2024, 15:40:02 - DEBUG - Getting Lists: | {"admin":"true"} (userId: 66a50ab07a92d580457882c1)
5.10.2024, 15:40:04 - DEBUG - Getting Items: | {} (userId: 66a50ab07a92d580457882c1)
5.10.2024, 15:40:04 - INFO - Sample Logger Middleware (userId: 66a50ab07a92d580457882c1)
5.10.2024, 15:40:32 - INFO - Socket disconnected [id: undefined] 
5.10.2024, 15:40:32 - INFO - Sample Logger Middleware 
5.10.2024, 15:40:32 - DEBUG - Getting Trans for app items: 
5.10.2024, 15:40:32 - INFO - Sample Logger Middleware (userId: 66a50ab07a92d580457882c1)
5.10.2024, 15:40:32 - DEBUG - Getting Lists: | {} (userId: 66a50ab07a92d580457882c1)
5.10.2024, 15:40:32 - INFO - New connected socket [id: NOgm-JgoX36yOtASAAAl] 
5.10.2024, 15:40:32 - INFO - Sample Logger Middleware (userId: 66a50ab07a92d580457882c1)
5.10.2024, 15:40:32 - DEBUG - Getting Items: | {} (userId: 66a50ab07a92d580457882c1)
5.10.2024, 15:40:33 - DEBUG - Getting Lists: | {"admin":"true"} (userId: 66a50ab07a92d580457882c1)
5.10.2024, 15:40:33 - INFO - Sample Logger Middleware (userId: 66a50ab07a92d580457882c1)
5.10.2024, 15:40:33 - INFO - Setting socket for user - ID: 66a50ab07a92d580457882c1 for socket [id: NOgm-JgoX36yOtASAAAl] 
5.10.2024, 15:40:35 - INFO - Sample Logger Middleware (userId: 66a50ab07a92d580457882c1)
5.10.2024, 15:40:35 - DEBUG - Getting Items: | {} (userId: 66a50ab07a92d580457882c1)
5.10.2024, 15:46:23 - INFO - Sample Logger Middleware (userId: 66a50ab07a92d580457882c1)
5.10.2024, 15:46:23 - DEBUG - Getting Items: | {} (userId: 66a50ab07a92d580457882c1)
5.10.2024, 15:51:32 - INFO - Sample Logger Middleware (userId: 66a50ab07a92d580457882c1)
5.10.2024, 15:51:32 - DEBUG - Getting Items: | {} (userId: 66a50ab07a92d580457882c1)
5.10.2024, 16:00:18 - INFO - Sample Logger Middleware (userId: 66a50ab07a92d580457882c1)
5.10.2024, 16:00:18 - DEBUG - Getting Items: | {} (userId: 66a50ab07a92d580457882c1)
5.10.2024, 16:02:23 - INFO - Sample Logger Middleware (userId: 66a50ab07a92d580457882c1)
5.10.2024, 16:02:23 - DEBUG - Getting Items: | {} (userId: 66a50ab07a92d580457882c1)
5.10.2024, 16:11:14 - INFO - Sample Logger Middleware (userId: 66a50ab07a92d580457882c1)
5.10.2024, 16:11:14 - DEBUG - Getting Items: | {} (userId: 66a50ab07a92d580457882c1)
5.10.2024, 16:11:46 - INFO - Sample Logger Middleware (userId: 66a50ab07a92d580457882c1)
5.10.2024, 16:11:46 - DEBUG - Getting Items: | {} (userId: 66a50ab07a92d580457882c1)
5.10.2024, 16:12:01 - INFO - Sample Logger Middleware (userId: 66a50ab07a92d580457882c1)
5.10.2024, 16:12:01 - DEBUG - Getting Items: | {} (userId: 66a50ab07a92d580457882c1)
5.10.2024, 16:12:07 - INFO - Sample Logger Middleware (userId: 66a50ab07a92d580457882c1)
5.10.2024, 16:12:07 - DEBUG - Getting Items: | {} (userId: 66a50ab07a92d580457882c1)
5.10.2024, 16:12:13 - INFO - Sample Logger Middleware (userId: 66a50ab07a92d580457882c1)
5.10.2024, 16:12:13 - DEBUG - Getting Items: | {} (userId: 66a50ab07a92d580457882c1)
5.10.2024, 16:12:20 - INFO - New connected socket [id: 711Ildqwm6K60MrXAAAn] 
5.10.2024, 16:12:20 - INFO - Setting socket for user - ID: 66a50ab07a92d580457882c1 for socket [id: 711Ildqwm6K60MrXAAAn] 
5.10.2024, 16:12:45 - DEBUG - Getting Items: | {} (userId: 66a50ab07a92d580457882c1)
5.10.2024, 16:12:45 - INFO - Sample Logger Middleware (userId: 66a50ab07a92d580457882c1)
5.10.2024, 16:13:04 - DEBUG - Getting Items: | {} (userId: 66a50ab07a92d580457882c1)
5.10.2024, 16:13:04 - INFO - Sample Logger Middleware (userId: 66a50ab07a92d580457882c1)
5.10.2024, 16:13:05 - ERROR - while finding list undefined | BSONError: hex string must be 24 characters (userId: 66a50ab07a92d580457882c1)
5.10.2024, 16:13:05 - ERROR - Failed to get list | BSONError: hex string must be 24 characters (userId: 66a50ab07a92d580457882c1)
5.10.2024, 16:13:28 - DEBUG - Getting Items: | {} (userId: 66a50ab07a92d580457882c1)
5.10.2024, 16:13:28 - INFO - Sample Logger Middleware (userId: 66a50ab07a92d580457882c1)
5.10.2024, 16:14:23 - DEBUG - Getting Items: | {} (userId: 66a50ab07a92d580457882c1)
5.10.2024, 16:14:23 - INFO - Sample Logger Middleware (userId: 66a50ab07a92d580457882c1)
5.10.2024, 16:14:56 - INFO - Sample Logger Middleware (userId: 66a50ab07a92d580457882c1)
5.10.2024, 16:14:56 - DEBUG - Getting Items: | {} (userId: 66a50ab07a92d580457882c1)
5.10.2024, 16:16:10 - INFO - Sample Logger Middleware (userId: 66a50ab07a92d580457882c1)
5.10.2024, 16:16:10 - DEBUG - Getting Items: | {} (userId: 66a50ab07a92d580457882c1)
5.10.2024, 16:16:47 - INFO - Sample Logger Middleware (userId: 66a50ab07a92d580457882c1)
5.10.2024, 16:16:47 - DEBUG - Getting Items: | {} (userId: 66a50ab07a92d580457882c1)
5.10.2024, 16:19:00 - INFO - Sample Logger Middleware (userId: 66a50ab07a92d580457882c1)
5.10.2024, 16:19:00 - DEBUG - Getting Items: | {} (userId: 66a50ab07a92d580457882c1)
5.10.2024, 16:19:06 - INFO - Sample Logger Middleware (userId: 66a50ab07a92d580457882c1)
5.10.2024, 16:19:06 - DEBUG - Getting Items: | {} (userId: 66a50ab07a92d580457882c1)
5.10.2024, 16:22:03 - DEBUG - Getting Items: | {} (userId: 66a50ab07a92d580457882c1)
5.10.2024, 16:22:03 - INFO - Sample Logger Middleware (userId: 66a50ab07a92d580457882c1)
5.10.2024, 16:23:37 - INFO - Sample Logger Middleware (userId: 66a50ab07a92d580457882c1)
5.10.2024, 16:23:37 - DEBUG - Getting Items: | {} (userId: 66a50ab07a92d580457882c1)
5.10.2024, 16:25:10 - INFO - Sample Logger Middleware (userId: 66a50ab07a92d580457882c1)
5.10.2024, 16:25:10 - DEBUG - Getting Items: | {} (userId: 66a50ab07a92d580457882c1)
5.10.2024, 16:25:40 - INFO - Sample Logger Middleware (userId: 66a50ab07a92d580457882c1)
5.10.2024, 16:25:40 - DEBUG - Getting Items: | {} (userId: 66a50ab07a92d580457882c1)
5.10.2024, 16:28:29 - INFO - Socket disconnected [id: undefined] 
5.10.2024, 16:28:29 - INFO - Socket disconnected [id: undefined] 
5.10.2024, 16:28:29 - INFO - Sample Logger Middleware (userId: 66a50ab07a92d580457882c1)
5.10.2024, 16:28:29 - DEBUG - Getting Lists: | {} (userId: 66a50ab07a92d580457882c1)
5.10.2024, 16:28:29 - INFO - New connected socket [id: zASKxe99gKmwNigoAAAp] 
5.10.2024, 16:28:29 - INFO - Sample Logger Middleware (userId: 66a50ab07a92d580457882c1)
5.10.2024, 16:28:29 - DEBUG - Getting Items: | {} (userId: 66a50ab07a92d580457882c1)
5.10.2024, 16:28:30 - INFO - Setting socket for user - ID: 66a50ab07a92d580457882c1 for socket [id: zASKxe99gKmwNigoAAAp] 
5.10.2024, 16:28:30 - DEBUG - Getting Lists: | {"admin":"true"} (userId: 66a50ab07a92d580457882c1)
5.10.2024, 16:28:30 - INFO - Sample Logger Middleware (userId: 66a50ab07a92d580457882c1)
5.10.2024, 16:29:33 - INFO - Sample Logger Middleware (userId: 66a50ab07a92d580457882c1)
5.10.2024, 16:29:33 - DEBUG - Getting Items: | {} (userId: 66a50ab07a92d580457882c1)
5.10.2024, 16:30:24 - INFO - Sample Logger Middleware (userId: 66a50ab07a92d580457882c1)
5.10.2024, 16:30:24 - DEBUG - Getting Items: | {} (userId: 66a50ab07a92d580457882c1)
5.10.2024, 16:32:36 - INFO - Sample Logger Middleware (userId: 66a50ab07a92d580457882c1)
5.10.2024, 16:32:36 - DEBUG - Getting Items: | {} (userId: 66a50ab07a92d580457882c1)
5.10.2024, 16:32:37 - INFO - Sample Logger Middleware (userId: 66a50ab07a92d580457882c1)
5.10.2024, 16:32:37 - DEBUG - Getting Lists: | {"admin":"true"} (userId: 66a50ab07a92d580457882c1)
5.10.2024, 16:33:14 - INFO - Sample Logger Middleware (userId: 66a50ab07a92d580457882c1)
5.10.2024, 16:33:14 - DEBUG - Getting Items: | {} (userId: 66a50ab07a92d580457882c1)
5.10.2024, 16:38:44 - INFO - Sample Logger Middleware (userId: 66a50ab07a92d580457882c1)
5.10.2024, 16:38:44 - DEBUG - Getting Items: | {} (userId: 66a50ab07a92d580457882c1)
5.10.2024, 16:38:44 - DEBUG - Getting Lists: | {"admin":"true"} (userId: 66a50ab07a92d580457882c1)
5.10.2024, 16:38:44 - INFO - Sample Logger Middleware (userId: 66a50ab07a92d580457882c1)
5.10.2024, 16:39:22 - ERROR - while finding list undefined | BSONError: hex string must be 24 characters (userId: 66a50ab07a92d580457882c1)
5.10.2024, 16:39:22 - ERROR - Failed to remove list | BSONError: hex string must be 24 characters (userId: 66a50ab07a92d580457882c1)
5.10.2024, 16:40:03 - ERROR - while finding list 67013f499fd1f44c3d2ccb95 | TypeError: Cannot read properties of undefined (reading '_id') (userId: 66a50ab07a92d580457882c1)
5.10.2024, 16:40:03 - ERROR - Failed to remove list | TypeError: Cannot read properties of undefined (reading '_id') (userId: 66a50ab07a92d580457882c1)
5.10.2024, 16:40:17 - INFO - Socket disconnected [id: undefined] 
5.10.2024, 16:40:17 - INFO - Sample Logger Middleware 
5.10.2024, 16:40:17 - DEBUG - Getting Trans for app items: 
5.10.2024, 16:40:17 - INFO - Sample Logger Middleware (userId: 66a50ab07a92d580457882c1)
5.10.2024, 16:40:17 - DEBUG - Getting Lists: | {} (userId: 66a50ab07a92d580457882c1)
5.10.2024, 16:40:17 - INFO - New connected socket [id: FsI6zzc-vSmslY74AAAr] 
5.10.2024, 16:40:17 - DEBUG - Getting Items: | {} (userId: 66a50ab07a92d580457882c1)
5.10.2024, 16:40:17 - INFO - Sample Logger Middleware (userId: 66a50ab07a92d580457882c1)
5.10.2024, 16:40:18 - INFO - Setting socket for user - ID: 66a50ab07a92d580457882c1 for socket [id: FsI6zzc-vSmslY74AAAr] 
5.10.2024, 16:40:18 - INFO - Sample Logger Middleware (userId: 66a50ab07a92d580457882c1)
5.10.2024, 16:40:18 - DEBUG - Getting Lists: | {"admin":"true"} (userId: 66a50ab07a92d580457882c1)
5.10.2024, 16:40:57 - INFO - Sample Logger Middleware (userId: 66a50ab07a92d580457882c1)
5.10.2024, 16:40:57 - DEBUG - Getting Items: | {} (userId: 66a50ab07a92d580457882c1)
5.10.2024, 16:40:58 - INFO - Sample Logger Middleware (userId: 66a50ab07a92d580457882c1)
5.10.2024, 16:40:58 - DEBUG - Getting Lists: | {"admin":"true"} (userId: 66a50ab07a92d580457882c1)
5.10.2024, 16:41:06 - ERROR - while finding list 67013f499fd1f44c3d2ccb95 | TypeError: Cannot read properties of undefined (reading '_id') (userId: 66a50ab07a92d580457882c1)
5.10.2024, 16:41:06 - ERROR - Failed to remove list | TypeError: Cannot read properties of undefined (reading '_id') (userId: 66a50ab07a92d580457882c1)
5.10.2024, 16:41:06 - INFO - Sample Logger Middleware (userId: 66a50ab07a92d580457882c1)
5.10.2024, 16:41:06 - DEBUG - Getting Lists: | {"admin":"true"} (userId: 66a50ab07a92d580457882c1)
5.10.2024, 16:43:25 - INFO - Server is running on port: 3030 
5.10.2024, 16:43:27 - INFO - New connected socket [id: ioKxz7h-IVHwrSGAAAAB] 
5.10.2024, 16:43:56 - ERROR - Failed to remove list | TypeError: Cannot read properties of undefined (reading '_id') (userId: 66a50ab07a92d580457882c1)
5.10.2024, 16:43:56 - ERROR - while finding list 67013f499fd1f44c3d2ccb95 | TypeError: Cannot read properties of undefined (reading '_id') (userId: 66a50ab07a92d580457882c1)
5.10.2024, 16:43:56 - INFO - Sample Logger Middleware (userId: 66a50ab07a92d580457882c1)
5.10.2024, 16:43:56 - DEBUG - Getting Lists: | {"admin":"true"} (userId: 66a50ab07a92d580457882c1)
5.10.2024, 16:45:05 - INFO - Server is running on port: 3030 
5.10.2024, 16:45:06 - INFO - New connected socket [id: 2Dozo3GL6IiLkvwwAAAB] 
5.10.2024, 16:45:20 - INFO - Server is running on port: 3030 
5.10.2024, 16:45:21 - INFO - New connected socket [id: XUV2xvPItlymecAOAAAB] 
5.10.2024, 16:45:29 - INFO - Server is running on port: 3030 
5.10.2024, 16:45:30 - INFO - New connected socket [id: Q732MA37Wn0hSgGzAAAB] 
5.10.2024, 16:45:30 - INFO - Socket disconnected [id: undefined] 
5.10.2024, 16:45:31 - INFO - Sample Logger Middleware 
5.10.2024, 16:45:31 - DEBUG - Getting Trans for app items: 
5.10.2024, 16:45:33 - INFO - Sample Logger Middleware (userId: 66a50ab07a92d580457882c1)
5.10.2024, 16:45:33 - DEBUG - Getting Lists: | {} (userId: 66a50ab07a92d580457882c1)
5.10.2024, 16:45:33 - INFO - New connected socket [id: DVWPj_VLDX7_v9ZzAAAD] 
5.10.2024, 16:45:33 - INFO - Sample Logger Middleware (userId: 66a50ab07a92d580457882c1)
5.10.2024, 16:45:33 - DEBUG - Getting Items: | {} (userId: 66a50ab07a92d580457882c1)
5.10.2024, 16:45:33 - INFO - Setting socket for user - ID: 66a50ab07a92d580457882c1 for socket [id: DVWPj_VLDX7_v9ZzAAAD] 
5.10.2024, 16:45:34 - INFO - Sample Logger Middleware (userId: 66a50ab07a92d580457882c1)
5.10.2024, 16:45:34 - DEBUG - Getting Lists: | {"admin":"true"} (userId: 66a50ab07a92d580457882c1)
5.10.2024, 16:46:59 - INFO - Sample Logger Middleware (userId: 66a50ab07a92d580457882c1)
5.10.2024, 16:46:59 - DEBUG - Getting Items: | {} (userId: 66a50ab07a92d580457882c1)
5.10.2024, 16:46:59 - INFO - Sample Logger Middleware (userId: 66a50ab07a92d580457882c1)
5.10.2024, 16:46:59 - DEBUG - Getting Lists: | {"admin":"true"} (userId: 66a50ab07a92d580457882c1)
5.10.2024, 16:49:13 - INFO - Socket disconnected [id: undefined] 
5.10.2024, 16:49:13 - INFO - Sample Logger Middleware 
5.10.2024, 16:49:13 - DEBUG - Getting Trans for app items: 
5.10.2024, 16:49:13 - INFO - Sample Logger Middleware (userId: 66a50ab07a92d580457882c1)
5.10.2024, 16:49:13 - INFO - New connected socket [id: Y9vKsznKxYJXqDplAAAF] 
5.10.2024, 16:49:13 - DEBUG - Getting Lists: | {} (userId: 66a50ab07a92d580457882c1)
5.10.2024, 16:49:13 - INFO - Sample Logger Middleware (userId: 66a50ab07a92d580457882c1)
5.10.2024, 16:49:13 - DEBUG - Getting Items: | {} (userId: 66a50ab07a92d580457882c1)
5.10.2024, 16:49:14 - INFO - Setting socket for user - ID: 66a50ab07a92d580457882c1 for socket [id: Y9vKsznKxYJXqDplAAAF] 
5.10.2024, 16:49:14 - INFO - Sample Logger Middleware (userId: 66a50ab07a92d580457882c1)
5.10.2024, 16:49:14 - DEBUG - Getting Lists: | {"admin":"true"} (userId: 66a50ab07a92d580457882c1)
5.10.2024, 16:49:36 - INFO - Socket disconnected [id: undefined] 
5.10.2024, 16:49:37 - INFO - Sample Logger Middleware 
5.10.2024, 16:49:37 - DEBUG - Getting Trans for app items: 
5.10.2024, 16:49:37 - INFO - Sample Logger Middleware (userId: 66a50ab07a92d580457882c1)
5.10.2024, 16:49:37 - DEBUG - Getting Lists: | {} (userId: 66a50ab07a92d580457882c1)
5.10.2024, 16:49:37 - INFO - New connected socket [id: dnr7N3NXU7SGMMkqAAAH] 
5.10.2024, 16:49:37 - INFO - Sample Logger Middleware (userId: 66a50ab07a92d580457882c1)
5.10.2024, 16:49:37 - DEBUG - Getting Items: | {} (userId: 66a50ab07a92d580457882c1)
5.10.2024, 16:49:38 - INFO - Setting socket for user - ID: 66a50ab07a92d580457882c1 for socket [id: dnr7N3NXU7SGMMkqAAAH] 
5.10.2024, 16:49:38 - INFO - Sample Logger Middleware (userId: 66a50ab07a92d580457882c1)
5.10.2024, 16:49:38 - DEBUG - Getting Lists: | {"admin":"true"} (userId: 66a50ab07a92d580457882c1)
5.10.2024, 16:57:35 - INFO - Server is running on port: 3030 
5.10.2024, 16:57:37 - INFO - New connected socket [id: 2zPrrrEpR10L9-VtAAAB] 
5.10.2024, 16:57:45 - DEBUG - Removing List: | 66a50edc7a92d580457882c9 (userId: 66a50ab07a92d580457882c1)
5.10.2024, 16:57:53 - INFO - Sample Logger Middleware (userId: 66a50ab07a92d580457882c1)
5.10.2024, 16:57:53 - DEBUG - Getting Items: | {} (userId: 66a50ab07a92d580457882c1)
5.10.2024, 16:58:54 - INFO - Server is running on port: 3030 
5.10.2024, 16:58:55 - INFO - New connected socket [id: Mc1rYmqgqgkZwqDaAAAB] 
5.10.2024, 16:59:24 - INFO - Server is running on port: 3030 
5.10.2024, 16:59:24 - INFO - New connected socket [id: Zdv9JtmVREZMkhpQAAAB] 
5.10.2024, 16:59:34 - INFO - Sample Logger Middleware (userId: 66a50ab07a92d580457882c1)
5.10.2024, 16:59:34 - DEBUG - Getting Items: | {} (userId: 66a50ab07a92d580457882c1)
5.10.2024, 16:59:36 - ERROR - Failed to get list | Error: Unauthorized (userId: 66a50ab07a92d580457882c1)
5.10.2024, 16:59:36 - ERROR - while finding list 66a50edc7a92d580457882c8 | Error: Unauthorized (userId: 66a50ab07a92d580457882c1)
5.10.2024, 16:59:46 - INFO - Sample Logger Middleware (userId: 66a50ab07a92d580457882c1)
5.10.2024, 16:59:46 - DEBUG - Getting Items: | {} (userId: 66a50ab07a92d580457882c1)
5.10.2024, 17:00:39 - INFO - Sample Logger Middleware (userId: 66a50ab07a92d580457882c1)
5.10.2024, 17:00:39 - DEBUG - Getting Items: | {} (userId: 66a50ab07a92d580457882c1)
5.10.2024, 17:00:55 - INFO - Sample Logger Middleware (userId: 66a50ab07a92d580457882c1)
5.10.2024, 17:00:55 - DEBUG - Getting Items: | {} (userId: 66a50ab07a92d580457882c1)
5.10.2024, 17:03:30 - INFO - Socket disconnected [id: undefined] 
5.10.2024, 17:03:47 - INFO - Sample Logger Middleware 
5.10.2024, 17:03:47 - DEBUG - Getting Trans for app items: 
5.10.2024, 17:03:47 - INFO - Sample Logger Middleware (userId: 66a50ab07a92d580457882c1)
5.10.2024, 17:03:47 - DEBUG - Getting Lists: | {} (userId: 66a50ab07a92d580457882c1)
5.10.2024, 17:03:47 - INFO - New connected socket [id: ephTgYoDzBJF69wbAAAD] 
5.10.2024, 17:03:47 - INFO - Sample Logger Middleware (userId: 66a50ab07a92d580457882c1)
5.10.2024, 17:03:47 - DEBUG - Getting Items: | {} (userId: 66a50ab07a92d580457882c1)
5.10.2024, 17:03:48 - INFO - Setting socket for user - ID: 66a50ab07a92d580457882c1 for socket [id: ephTgYoDzBJF69wbAAAD] 
5.10.2024, 17:03:50 - INFO - Sample Logger Middleware (userId: 66a50ab07a92d580457882c1)
5.10.2024, 17:03:50 - DEBUG - Getting Lists: | {"admin":"true"} (userId: 66a50ab07a92d580457882c1)
5.10.2024, 17:03:56 - INFO - Sample Logger Middleware (userId: 66a50ab07a92d580457882c1)
5.10.2024, 17:03:56 - DEBUG - Getting Items: | {} (userId: 66a50ab07a92d580457882c1)
5.10.2024, 17:03:57 - ERROR - Failed to get list | Error: Unauthorized (userId: 66a50ab07a92d580457882c1)
5.10.2024, 17:03:57 - ERROR - while finding list 66a50edc7a92d580457882c8 | Error: Unauthorized (userId: 66a50ab07a92d580457882c1)
5.10.2024, 17:04:06 - DEBUG - Getting Items: | {} (userId: 66a50ab07a92d580457882c1)
5.10.2024, 17:04:06 - INFO - Sample Logger Middleware (userId: 66a50ab07a92d580457882c1)
5.10.2024, 17:04:26 - INFO - Sample Logger Middleware (userId: 66a50ab07a92d580457882c1)
5.10.2024, 17:04:26 - DEBUG - Getting Items: | {} (userId: 66a50ab07a92d580457882c1)
5.10.2024, 17:04:53 - INFO - Sample Logger Middleware (userId: 66a50ab07a92d580457882c1)
5.10.2024, 17:04:53 - DEBUG - Getting Items: | {} (userId: 66a50ab07a92d580457882c1)
5.10.2024, 17:05:27 - INFO - Sample Logger Middleware (userId: 66a50ab07a92d580457882c1)
5.10.2024, 17:05:27 - DEBUG - Getting Items: | {} (userId: 66a50ab07a92d580457882c1)
5.10.2024, 17:06:22 - DEBUG - Getting Items: | {} (userId: 66a50ab07a92d580457882c1)
5.10.2024, 17:06:22 - INFO - Sample Logger Middleware (userId: 66a50ab07a92d580457882c1)
5.10.2024, 17:06:34 - INFO - Sample Logger Middleware (userId: 66a50ab07a92d580457882c1)
5.10.2024, 17:06:34 - DEBUG - Getting Items: | {} (userId: 66a50ab07a92d580457882c1)
5.10.2024, 17:07:18 - DEBUG - Getting Items: | {} (userId: 66a50ab07a92d580457882c1)
5.10.2024, 17:07:18 - INFO - Sample Logger Middleware (userId: 66a50ab07a92d580457882c1)
5.10.2024, 17:07:26 - INFO - Sample Logger Middleware (userId: 66a50ab07a92d580457882c1)
5.10.2024, 17:07:26 - DEBUG - Getting Items: | {} (userId: 66a50ab07a92d580457882c1)
5.10.2024, 17:07:47 - INFO - Sample Logger Middleware (userId: 66a50ab07a92d580457882c1)
5.10.2024, 17:07:47 - DEBUG - Getting Items: | {} (userId: 66a50ab07a92d580457882c1)
5.10.2024, 17:08:20 - INFO - Sample Logger Middleware (userId: 66a50ab07a92d580457882c1)
5.10.2024, 17:08:20 - DEBUG - Getting Items: | {} (userId: 66a50ab07a92d580457882c1)
5.10.2024, 17:08:33 - INFO - Sample Logger Middleware (userId: 66a50ab07a92d580457882c1)
5.10.2024, 17:08:33 - DEBUG - Getting Items: | {} (userId: 66a50ab07a92d580457882c1)
5.10.2024, 17:13:19 - INFO - Sample Logger Middleware (userId: 66a50ab07a92d580457882c1)
5.10.2024, 17:13:19 - DEBUG - Getting Items: | {} (userId: 66a50ab07a92d580457882c1)
5.10.2024, 17:13:20 - ERROR - while finding list 66a50edc7a92d580457882c8 | Error: Unauthorized (userId: 66a50ab07a92d580457882c1)
5.10.2024, 17:13:20 - ERROR - Failed to get list | Error: Unauthorized (userId: 66a50ab07a92d580457882c1)
5.10.2024, 17:15:35 - INFO - Server is running on port: 3030 
5.10.2024, 17:15:40 - INFO - New connected socket [id: KdrpnPy78vzfome6AAAB] 
5.10.2024, 17:15:45 - INFO - Sample Logger Middleware (userId: 66a50ab07a92d580457882c1)
5.10.2024, 17:15:45 - DEBUG - Getting Items: | {} (userId: 66a50ab07a92d580457882c1)
5.10.2024, 17:15:55 - INFO - Socket disconnected [id: undefined] 
5.10.2024, 17:15:55 - INFO - Sample Logger Middleware 
5.10.2024, 17:15:55 - DEBUG - Getting Trans for app items: 
5.10.2024, 17:15:57 - DEBUG - Getting Lists: | {} (userId: 66a50ab07a92d580457882c1)
5.10.2024, 17:15:57 - INFO - Sample Logger Middleware (userId: 66a50ab07a92d580457882c1)
5.10.2024, 17:15:57 - INFO - New connected socket [id: wfBc2Et7vCj1ogscAAAD] 
5.10.2024, 17:15:57 - INFO - Sample Logger Middleware (userId: 66a50ab07a92d580457882c1)
5.10.2024, 17:15:57 - DEBUG - Getting Items: | {} (userId: 66a50ab07a92d580457882c1)
5.10.2024, 17:15:58 - INFO - Setting socket for user - ID: 66a50ab07a92d580457882c1 for socket [id: wfBc2Et7vCj1ogscAAAD] 
5.10.2024, 17:15:58 - DEBUG - Getting Lists: | {"admin":"true"} (userId: 66a50ab07a92d580457882c1)
5.10.2024, 17:15:58 - INFO - Sample Logger Middleware (userId: 66a50ab07a92d580457882c1)
5.10.2024, 17:16:04 - INFO - Sample Logger Middleware (userId: 66a50ab07a92d580457882c1)
5.10.2024, 17:16:04 - DEBUG - Getting Items: | {} (userId: 66a50ab07a92d580457882c1)
5.10.2024, 17:16:05 - ERROR - while finding list 66a50edc7a92d580457882c8 | Error: Unauthorized (userId: 66a50ab07a92d580457882c1)
5.10.2024, 17:16:05 - ERROR - Failed to get list | Error: Unauthorized (userId: 66a50ab07a92d580457882c1)
5.10.2024, 17:16:33 - INFO - Server is running on port: 3030 
5.10.2024, 17:16:34 - INFO - New connected socket [id: FH50WMEJtpG3MDZdAAAB] 
5.10.2024, 17:16:37 - DEBUG - Getting Items: | {} (userId: 66a50ab07a92d580457882c1)
5.10.2024, 17:16:37 - INFO - Sample Logger Middleware (userId: 66a50ab07a92d580457882c1)
5.10.2024, 17:16:40 - ERROR - while finding list 66a50edc7a92d580457882c8 | Error: Unauthorized (userId: 66a50ab07a92d580457882c1)
5.10.2024, 17:16:40 - ERROR - Failed to get list | Error: Unauthorized (userId: 66a50ab07a92d580457882c1)
5.10.2024, 17:16:53 - INFO - Server is running on port: 3030 
5.10.2024, 17:16:54 - INFO - New connected socket [id: S43_lgpAsxjCYVGbAAAB] 
5.10.2024, 17:17:01 - INFO - Sample Logger Middleware (userId: 66a50ab07a92d580457882c1)
5.10.2024, 17:17:01 - DEBUG - Getting Items: | {} (userId: 66a50ab07a92d580457882c1)
5.10.2024, 17:17:04 - ERROR - while finding list 66a50edc7a92d580457882c8 | Error: Unauthorized (userId: 66a50ab07a92d580457882c1)
5.10.2024, 17:17:04 - ERROR - Failed to get list | Error: Unauthorized (userId: 66a50ab07a92d580457882c1)
5.10.2024, 17:17:26 - INFO - Server is running on port: 3030 
5.10.2024, 17:17:27 - INFO - New connected socket [id: aLx5n13_w6i0miB0AAAB] 
5.10.2024, 17:17:32 - INFO - Server is running on port: 3030 
5.10.2024, 17:17:32 - INFO - New connected socket [id: vxwU24evVTbhp42GAAAB] 
5.10.2024, 17:17:36 - INFO - Sample Logger Middleware (userId: 66a50ab07a92d580457882c1)
5.10.2024, 17:17:36 - DEBUG - Getting Items: | {} (userId: 66a50ab07a92d580457882c1)
5.10.2024, 17:17:38 - ERROR - while finding list 66a50edc7a92d580457882c8 | Error: Unauthorized (userId: 66a50ab07a92d580457882c1)
5.10.2024, 17:17:38 - ERROR - Failed to get list | Error: Unauthorized (userId: 66a50ab07a92d580457882c1)
5.10.2024, 17:18:26 - INFO - Server is running on port: 3030 
5.10.2024, 17:18:26 - INFO - New connected socket [id: rnwK4zCqpaKZDHCGAAAB] 
5.10.2024, 17:18:30 - INFO - Sample Logger Middleware (userId: 66a50ab07a92d580457882c1)
5.10.2024, 17:18:30 - DEBUG - Getting Items: | {} (userId: 66a50ab07a92d580457882c1)
5.10.2024, 17:18:32 - ERROR - while finding list 66a50edc7a92d580457882c8 | Error: Unauthorized (userId: 66a50ab07a92d580457882c1)
5.10.2024, 17:18:32 - ERROR - Failed to get list | Error: Unauthorized (userId: 66a50ab07a92d580457882c1)
5.10.2024, 17:18:52 - INFO - Server is running on port: 3030 
5.10.2024, 17:18:53 - INFO - New connected socket [id: smk-UZ6NbikMenldAAAB] 
5.10.2024, 17:18:58 - INFO - Sample Logger Middleware (userId: 66a50ab07a92d580457882c1)
5.10.2024, 17:18:58 - DEBUG - Getting Items: | {} (userId: 66a50ab07a92d580457882c1)
5.10.2024, 17:19:00 - ERROR - while finding list 66a50edc7a92d580457882c8 | Error: Unauthorized (userId: 66a50ab07a92d580457882c1)
5.10.2024, 17:19:00 - ERROR - Failed to get list | Error: Unauthorized (userId: 66a50ab07a92d580457882c1)
5.10.2024, 17:20:14 - INFO - Server is running on port: 3030 
5.10.2024, 17:20:14 - INFO - New connected socket [id: L83N6c9up7dCok3WAAAB] 
5.10.2024, 17:20:19 - INFO - Sample Logger Middleware (userId: 66a50ab07a92d580457882c1)
5.10.2024, 17:20:19 - DEBUG - Getting Items: | {} (userId: 66a50ab07a92d580457882c1)
5.10.2024, 17:20:21 - ERROR - while finding list 66a50edc7a92d580457882c8 | Error: Unauthorized (userId: 66a50ab07a92d580457882c1)
5.10.2024, 17:20:21 - ERROR - Failed to get list | Error: Unauthorized (userId: 66a50ab07a92d580457882c1)
5.10.2024, 17:20:57 - INFO - Server is running on port: 3030 
5.10.2024, 17:20:57 - INFO - New connected socket [id: nj0uHnbl6RHYpkcEAAAB] 
5.10.2024, 17:21:01 - DEBUG - Getting Items: | {} (userId: 66a50ab07a92d580457882c1)
5.10.2024, 17:21:01 - INFO - Sample Logger Middleware (userId: 66a50ab07a92d580457882c1)
5.10.2024, 17:21:38 - INFO - Server is running on port: 3030 
5.10.2024, 17:21:38 - INFO - New connected socket [id: CZRlDFfAVSPGp6i6AAAB] 
5.10.2024, 17:24:29 - INFO - Sample Logger Middleware (userId: 66a50ab07a92d580457882c1)
5.10.2024, 17:24:29 - DEBUG - Getting Items: | {} (userId: 66a50ab07a92d580457882c1)
5.10.2024, 17:24:41 - DEBUG - Getting Items: | {} (userId: 66a50ab07a92d580457882c1)
5.10.2024, 17:24:41 - INFO - Sample Logger Middleware (userId: 66a50ab07a92d580457882c1)
5.10.2024, 17:24:43 - DEBUG - Getting Items: | {} (userId: 66a50ab07a92d580457882c1)
5.10.2024, 17:24:43 - INFO - Sample Logger Middleware (userId: 66a50ab07a92d580457882c1)
5.10.2024, 17:24:59 - INFO - Sample Logger Middleware (userId: 66a50ab07a92d580457882c1)
5.10.2024, 17:24:59 - DEBUG - Getting Items: | {} (userId: 66a50ab07a92d580457882c1)
5.10.2024, 17:25:19 - INFO - Sample Logger Middleware (userId: 66a50ab07a92d580457882c1)
5.10.2024, 17:25:19 - DEBUG - Getting Items: | {} (userId: 66a50ab07a92d580457882c1)
5.10.2024, 17:26:13 - INFO - Sample Logger Middleware (userId: 66a50ab07a92d580457882c1)
5.10.2024, 17:26:13 - DEBUG - Getting Items: | {} (userId: 66a50ab07a92d580457882c1)
5.10.2024, 17:27:46 - INFO - Sample Logger Middleware (userId: 66a50ab07a92d580457882c1)
5.10.2024, 17:27:46 - DEBUG - Getting Items: | {} (userId: 66a50ab07a92d580457882c1)
5.10.2024, 17:30:34 - INFO - Server is running on port: 3030 
5.10.2024, 17:30:34 - INFO - New connected socket [id: jR5KJC0AyISjiOcGAAAB] 
5.10.2024, 17:31:21 - INFO - Sample Logger Middleware (userId: 66a50ab07a92d580457882c1)
5.10.2024, 17:31:21 - DEBUG - Getting Items: | {} (userId: 66a50ab07a92d580457882c1)
5.10.2024, 17:32:39 - DEBUG - Removing List: | 66a50edc7a92d580457882c8 (userId: 66a50ab07a92d580457882c1)
5.10.2024, 17:32:41 - DEBUG - Getting Items: | {} (userId: 66a50ab07a92d580457882c1)
5.10.2024, 17:32:41 - INFO - Sample Logger Middleware (userId: 66a50ab07a92d580457882c1)
5.10.2024, 17:32:49 - INFO - Socket disconnected [id: undefined] 
5.10.2024, 17:32:50 - INFO - Sample Logger Middleware 
5.10.2024, 17:32:50 - DEBUG - Getting Trans for app items: 
5.10.2024, 17:32:50 - INFO - Sample Logger Middleware (userId: 66a50ab07a92d580457882c1)
5.10.2024, 17:32:50 - DEBUG - Getting Lists: | {} (userId: 66a50ab07a92d580457882c1)
5.10.2024, 17:32:50 - INFO - New connected socket [id: 4X-w1yGf6xO64hn_AAAD] 
5.10.2024, 17:32:50 - INFO - Sample Logger Middleware (userId: 66a50ab07a92d580457882c1)
5.10.2024, 17:32:50 - DEBUG - Getting Items: | {} (userId: 66a50ab07a92d580457882c1)
5.10.2024, 17:32:51 - INFO - Setting socket for user - ID: 66a50ab07a92d580457882c1 for socket [id: 4X-w1yGf6xO64hn_AAAD] 
5.10.2024, 17:32:52 - DEBUG - Getting Lists: | {"admin":"true"} (userId: 66a50ab07a92d580457882c1)
5.10.2024, 17:32:52 - INFO - Sample Logger Middleware (userId: 66a50ab07a92d580457882c1)
5.10.2024, 17:33:02 - INFO - Socket disconnected [id: undefined] 
5.10.2024, 17:33:02 - INFO - Sample Logger Middleware 
5.10.2024, 17:33:02 - DEBUG - Getting Trans for app items: 
5.10.2024, 17:33:02 - INFO - Sample Logger Middleware (userId: 66a50ab07a92d580457882c1)
5.10.2024, 17:33:02 - DEBUG - Getting Lists: | {} (userId: 66a50ab07a92d580457882c1)
5.10.2024, 17:33:02 - INFO - New connected socket [id: TRmLquNzgaUYaejBAAAF] 
5.10.2024, 17:33:02 - DEBUG - Getting Items: | {} (userId: 66a50ab07a92d580457882c1)
5.10.2024, 17:33:02 - INFO - Sample Logger Middleware (userId: 66a50ab07a92d580457882c1)
5.10.2024, 17:33:03 - DEBUG - Getting Lists: | {"admin":"true"} (userId: 66a50ab07a92d580457882c1)
5.10.2024, 17:33:03 - INFO - Sample Logger Middleware (userId: 66a50ab07a92d580457882c1)
5.10.2024, 17:33:03 - INFO - Setting socket for user - ID: 66a50ab07a92d580457882c1 for socket [id: TRmLquNzgaUYaejBAAAF] 
5.10.2024, 17:33:03 - INFO - Socket disconnected [id: undefined] 
5.10.2024, 17:33:03 - INFO - Sample Logger Middleware 
5.10.2024, 17:33:03 - DEBUG - Getting Trans for app items: 
5.10.2024, 17:33:04 - INFO - Sample Logger Middleware (userId: 66a50ab07a92d580457882c1)
5.10.2024, 17:33:04 - DEBUG - Getting Lists: | {} (userId: 66a50ab07a92d580457882c1)
5.10.2024, 17:33:04 - INFO - New connected socket [id: Dgws0CSsvz6eMSq5AAAH] 
5.10.2024, 17:33:04 - INFO - Sample Logger Middleware (userId: 66a50ab07a92d580457882c1)
5.10.2024, 17:33:04 - DEBUG - Getting Items: | {} (userId: 66a50ab07a92d580457882c1)
5.10.2024, 17:33:05 - INFO - Setting socket for user - ID: 66a50ab07a92d580457882c1 for socket [id: Dgws0CSsvz6eMSq5AAAH] 
5.10.2024, 17:33:05 - INFO - Sample Logger Middleware (userId: 66a50ab07a92d580457882c1)
5.10.2024, 17:33:05 - DEBUG - Getting Lists: | {"admin":"true"} (userId: 66a50ab07a92d580457882c1)
5.10.2024, 17:33:05 - INFO - Socket disconnected [id: undefined] 
5.10.2024, 17:33:05 - INFO - Sample Logger Middleware 
5.10.2024, 17:33:05 - DEBUG - Getting Trans for app items: 
5.10.2024, 17:33:06 - INFO - Sample Logger Middleware (userId: 66a50ab07a92d580457882c1)
5.10.2024, 17:33:06 - DEBUG - Getting Lists: | {} (userId: 66a50ab07a92d580457882c1)
5.10.2024, 17:33:06 - INFO - New connected socket [id: NAsaFQ26QQxGEpKMAAAJ] 
5.10.2024, 17:33:06 - INFO - Sample Logger Middleware (userId: 66a50ab07a92d580457882c1)
5.10.2024, 17:33:06 - DEBUG - Getting Items: | {} (userId: 66a50ab07a92d580457882c1)
5.10.2024, 17:33:06 - INFO - Setting socket for user - ID: 66a50ab07a92d580457882c1 for socket [id: NAsaFQ26QQxGEpKMAAAJ] 
5.10.2024, 17:33:06 - INFO - Sample Logger Middleware (userId: 66a50ab07a92d580457882c1)
5.10.2024, 17:33:06 - DEBUG - Getting Lists: | {"admin":"true"} (userId: 66a50ab07a92d580457882c1)
5.10.2024, 17:33:21 - INFO - Sample Logger Middleware (userId: 66a50ab07a92d580457882c1)
5.10.2024, 17:33:21 - DEBUG - Getting Lists: | {} (userId: 66a50ab07a92d580457882c1)
5.10.2024, 17:33:21 - INFO - New connected socket [id: Smye9IqC2nk5JVudAAAL] 
5.10.2024, 17:33:21 - INFO - Sample Logger Middleware (userId: 66a50ab07a92d580457882c1)
5.10.2024, 17:33:21 - DEBUG - Getting Items: | {} (userId: 66a50ab07a92d580457882c1)
5.10.2024, 17:33:21 - INFO - Setting socket for user - ID: 66a50ab07a92d580457882c1 for socket [id: Smye9IqC2nk5JVudAAAL] 
5.10.2024, 17:33:21 - INFO - Sample Logger Middleware (userId: 66a50ab07a92d580457882c1)
5.10.2024, 17:33:21 - DEBUG - Getting Lists: | {"admin":"true"} (userId: 66a50ab07a92d580457882c1)
5.10.2024, 17:33:37 - INFO - Sample Logger Middleware (userId: 66a50ab07a92d580457882c1)
5.10.2024, 17:33:37 - DEBUG - Getting Lists: | {} (userId: 66a50ab07a92d580457882c1)
5.10.2024, 17:33:37 - INFO - New connected socket [id: IMJ9NzqJfruK6dQfAAAN] 
5.10.2024, 17:33:37 - INFO - Sample Logger Middleware (userId: 66a50ab07a92d580457882c1)
5.10.2024, 17:33:37 - DEBUG - Getting Items: | {} (userId: 66a50ab07a92d580457882c1)
5.10.2024, 17:33:37 - INFO - Setting socket for user - ID: 66a50ab07a92d580457882c1 for socket [id: IMJ9NzqJfruK6dQfAAAN] 
5.10.2024, 17:33:38 - INFO - Sample Logger Middleware (userId: 66a50ab07a92d580457882c1)
5.10.2024, 17:33:38 - DEBUG - Getting Lists: | {"admin":"true"} (userId: 66a50ab07a92d580457882c1)
5.10.2024, 17:36:32 - INFO - Sample Logger Middleware (userId: 66a50ab07a92d580457882c1)
5.10.2024, 17:36:32 - DEBUG - Getting Lists: | {} (userId: 66a50ab07a92d580457882c1)
5.10.2024, 17:36:32 - INFO - New connected socket [id: 2xnPgr4D10RTIH7yAAAP] 
5.10.2024, 17:36:32 - INFO - Sample Logger Middleware (userId: 66a50ab07a92d580457882c1)
5.10.2024, 17:36:32 - DEBUG - Getting Items: | {} (userId: 66a50ab07a92d580457882c1)
5.10.2024, 17:36:33 - INFO - Setting socket for user - ID: 66a50ab07a92d580457882c1 for socket [id: 2xnPgr4D10RTIH7yAAAP] 
5.10.2024, 17:36:33 - INFO - Sample Logger Middleware (userId: 66a50ab07a92d580457882c1)
5.10.2024, 17:36:33 - DEBUG - Getting Lists: | {"admin":"true"} (userId: 66a50ab07a92d580457882c1)
5.10.2024, 17:37:12 - INFO - Sample Logger Middleware (userId: 66a50ab07a92d580457882c1)
5.10.2024, 17:37:12 - DEBUG - Getting Lists: | {} (userId: 66a50ab07a92d580457882c1)
5.10.2024, 17:37:12 - INFO - New connected socket [id: jPZFTYByXRyUgaLJAAAR] 
5.10.2024, 17:37:12 - INFO - Sample Logger Middleware (userId: 66a50ab07a92d580457882c1)
5.10.2024, 17:37:12 - DEBUG - Getting Items: | {} (userId: 66a50ab07a92d580457882c1)
5.10.2024, 17:37:13 - INFO - Setting socket for user - ID: 66a50ab07a92d580457882c1 for socket [id: jPZFTYByXRyUgaLJAAAR] 
5.10.2024, 17:37:13 - INFO - Sample Logger Middleware (userId: 66a50ab07a92d580457882c1)
5.10.2024, 17:37:13 - DEBUG - Getting Lists: | {"admin":"true"} (userId: 66a50ab07a92d580457882c1)
5.10.2024, 18:33:58 - INFO - Sample Logger Middleware (userId: 66a50ab07a92d580457882c1)
5.10.2024, 18:33:58 - DEBUG - Getting Lists: | {} (userId: 66a50ab07a92d580457882c1)
5.10.2024, 18:33:58 - INFO - New connected socket [id: -zeTQFTVUPQrZQ0_AAAT] 
5.10.2024, 18:33:58 - INFO - Sample Logger Middleware (userId: 66a50ab07a92d580457882c1)
5.10.2024, 18:33:58 - DEBUG - Getting Items: | {} (userId: 66a50ab07a92d580457882c1)
5.10.2024, 18:33:58 - INFO - Setting socket for user - ID: 66a50ab07a92d580457882c1 for socket [id: -zeTQFTVUPQrZQ0_AAAT] 
5.10.2024, 18:33:58 - INFO - Sample Logger Middleware (userId: 66a50ab07a92d580457882c1)
5.10.2024, 18:33:58 - DEBUG - Getting Lists: | {"admin":"true"} (userId: 66a50ab07a92d580457882c1)
5.10.2024, 18:35:21 - INFO - Sample Logger Middleware (userId: 66a50ab07a92d580457882c1)
5.10.2024, 18:35:21 - DEBUG - Getting Items: | {} (userId: 66a50ab07a92d580457882c1)
5.10.2024, 18:38:26 - INFO - List undefined was added | {"title":"Kito list","visibility":"public","owner":{"id":"66a50ab07a92d580457882c1","username":"Tal_Amit","imgUrl":"https://lh3.googleusercontent.com/a/ACg8ocLTQdHl9NRJc9pFi27CqnmkOJTBC6namN9PpUVf88gmpnKr2sFy=s96-c"},"items":["66a506bd7a92d5804578820c","66a506bd7a92d58045788207","66a506bd7a92d58045788208","66a506bd7a92d58045788209","66a506bd7a92d58045788217","66a506bd7a92d58045788218","66e00c00931b27572452be57","66a506bd7a92d58045788212","66a506bd7a92d58045788225","66a506bd7a92d5804578820b","66a506bd7a92d5804578821a","66a506bd7a92d58045788222","66a506bd7a92d58045788223","66a506bd7a92d58045788276","66a506bd7a92d58045788215","66a506bd7a92d58045788230","66a506bd7a92d5804578822d","66a506bd7a92d5804578827e","66a506bd7a92d58045788256","66a506bd7a92d58045788257"],"createdAt":"2024-10-05","updatedAt":"2024-10-05"} (userId: 66a50ab07a92d580457882c1)
5.10.2024, 18:40:16 - INFO - Sample Logger Middleware (userId: 66a50ab07a92d580457882c1)
5.10.2024, 18:40:16 - DEBUG - Getting Items: | {} (userId: 66a50ab07a92d580457882c1)
5.10.2024, 18:40:17 - ERROR - while finding list undefined | BSONError: hex string must be 24 characters (userId: 66a50ab07a92d580457882c1)
5.10.2024, 18:40:17 - ERROR - Failed to get list | BSONError: hex string must be 24 characters (userId: 66a50ab07a92d580457882c1)
5.10.2024, 18:41:40 - INFO - Sample Logger Middleware (userId: 66a50ab07a92d580457882c1)
5.10.2024, 18:41:40 - DEBUG - Getting Items: | {} (userId: 66a50ab07a92d580457882c1)
5.10.2024, 18:41:41 - ERROR - while finding list undefined | BSONError: hex string must be 24 characters (userId: 66a50ab07a92d580457882c1)
5.10.2024, 18:41:41 - ERROR - Failed to get list | BSONError: hex string must be 24 characters (userId: 66a50ab07a92d580457882c1)
5.10.2024, 18:42:12 - INFO - Sample Logger Middleware (userId: 66a50ab07a92d580457882c1)
5.10.2024, 18:42:12 - DEBUG - Getting Items: | {} (userId: 66a50ab07a92d580457882c1)
5.10.2024, 18:42:13 - INFO - Sample Logger Middleware (userId: 66a50ab07a92d580457882c1)
5.10.2024, 18:42:13 - DEBUG - Getting Lists: | {"admin":"true"} (userId: 66a50ab07a92d580457882c1)
5.10.2024, 18:42:31 - INFO - Sample Logger Middleware (userId: 66a50ab07a92d580457882c1)
5.10.2024, 18:42:31 - DEBUG - Getting Items: | {} (userId: 66a50ab07a92d580457882c1)
5.10.2024, 18:43:08 - INFO - Sample Logger Middleware (userId: 66a50ab07a92d580457882c1)
5.10.2024, 18:43:08 - DEBUG - Getting Items: | {} (userId: 66a50ab07a92d580457882c1)
5.10.2024, 18:43:09 - INFO - Sample Logger Middleware (userId: 66a50ab07a92d580457882c1)
5.10.2024, 18:43:09 - DEBUG - Getting Lists: | {"admin":"true"} (userId: 66a50ab07a92d580457882c1)
5.10.2024, 18:43:12 - INFO - Sample Logger Middleware (userId: 66a50ab07a92d580457882c1)
5.10.2024, 18:43:12 - DEBUG - Getting Items: | {} (userId: 66a50ab07a92d580457882c1)
5.10.2024, 18:43:12 - INFO - Sample Logger Middleware (userId: 66a50ab07a92d580457882c1)
5.10.2024, 18:43:12 - DEBUG - Getting Lists: | {"admin":"true"} (userId: 66a50ab07a92d580457882c1)
5.10.2024, 18:43:22 - INFO - Sample Logger Middleware (userId: 66a50ab07a92d580457882c1)
5.10.2024, 18:43:22 - DEBUG - Getting Items: | {} (userId: 66a50ab07a92d580457882c1)
5.10.2024, 18:43:25 - INFO - Sample Logger Middleware (userId: 66a50ab07a92d580457882c1)
5.10.2024, 18:43:25 - DEBUG - Getting Items: | {} (userId: 66a50ab07a92d580457882c1)
5.10.2024, 18:43:52 - INFO - Socket disconnected [id: undefined] 
5.10.2024, 18:43:52 - INFO - Socket disconnected [id: undefined] 
5.10.2024, 18:43:52 - INFO - Socket disconnected [id: undefined] 
5.10.2024, 18:43:52 - INFO - Socket disconnected [id: undefined] 
5.10.2024, 18:43:52 - INFO - Socket disconnected [id: undefined] 
5.10.2024, 18:43:52 - INFO - Socket disconnected [id: undefined] 
5.10.2024, 18:43:52 - INFO - Sample Logger Middleware 
5.10.2024, 18:43:52 - DEBUG - Getting Trans for app items: 
5.10.2024, 18:43:52 - INFO - Sample Logger Middleware (userId: 66a50ab07a92d580457882c1)
5.10.2024, 18:43:52 - DEBUG - Getting Lists: | {} (userId: 66a50ab07a92d580457882c1)
5.10.2024, 18:43:52 - INFO - New connected socket [id: bw-kAMrmqlJ4mzA7AAAV] 
5.10.2024, 18:43:53 - INFO - Setting socket for user - ID: 66a50ab07a92d580457882c1 for socket [id: bw-kAMrmqlJ4mzA7AAAV] 
5.10.2024, 18:43:54 - INFO - Sample Logger Middleware (userId: 66a50ab07a92d580457882c1)
5.10.2024, 18:43:54 - DEBUG - Getting Lists: | {} (userId: 66a50ab07a92d580457882c1)
5.10.2024, 18:44:01 - INFO - Sample Logger Middleware (userId: 66a50ab07a92d580457882c1)
5.10.2024, 18:44:01 - DEBUG - Getting Lists: | {"visibility":"public"} (userId: 66a50ab07a92d580457882c1)
